{"C:\\Users\\KIIT\\Desktop\\aishwarya api assignment2\\server.js": {"path":"C:\\Users\\KIIT\\Desktop\\aishwarya api assignment2\\server.js","statementMap":{"0":{"start":{"line":1,"column":0},"end":{"line":1,"column":27}},"1":{"start":{"line":2,"column":16},"end":{"line":2,"column":34}},"2":{"start":{"line":3,"column":17},"end":{"line":3,"column":36}},"3":{"start":{"line":4,"column":19},"end":{"line":4,"column":41}},"4":{"start":{"line":5,"column":13},"end":{"line":5,"column":28}},"5":{"start":{"line":7,"column":12},"end":{"line":7,"column":21}},"6":{"start":{"line":10,"column":0},"end":{"line":10,"column":16}},"7":{"start":{"line":11,"column":0},"end":{"line":11,"column":27}},"8":{"start":{"line":14,"column":19},"end":{"line":14,"column":44}},"9":{"start":{"line":15,"column":0},"end":{"line":15,"column":34}},"10":{"start":{"line":18,"column":0},"end":{"line":27,"column":1}},"11":{"start":{"line":19,"column":2},"end":{"line":26,"column":69}},"12":{"start":{"line":21,"column":19},"end":{"line":21,"column":43}},"13":{"start":{"line":22,"column":6},"end":{"line":24,"column":9}},"14":{"start":{"line":23,"column":8},"end":{"line":23,"column":54}},"15":{"start":{"line":26,"column":20},"end":{"line":26,"column":67}},"16":{"start":{"line":29,"column":0},"end":{"line":29,"column":21}}},"fnMap":{"0":{"name":"(anonymous_0)","decl":{"start":{"line":20,"column":10},"end":{"line":20,"column":11}},"loc":{"start":{"line":20,"column":16},"end":{"line":25,"column":5}},"line":20},"1":{"name":"(anonymous_1)","decl":{"start":{"line":22,"column":23},"end":{"line":22,"column":24}},"loc":{"start":{"line":22,"column":29},"end":{"line":24,"column":7}},"line":22},"2":{"name":"(anonymous_2)","decl":{"start":{"line":26,"column":11},"end":{"line":26,"column":12}},"loc":{"start":{"line":26,"column":20},"end":{"line":26,"column":67}},"line":26}},"branchMap":{"0":{"loc":{"start":{"line":18,"column":0},"end":{"line":27,"column":1}},"type":"if","locations":[{"start":{"line":18,"column":0},"end":{"line":27,"column":1}},{"start":{},"end":{}}],"line":18},"1":{"loc":{"start":{"line":21,"column":19},"end":{"line":21,"column":43}},"type":"binary-expr","locations":[{"start":{"line":21,"column":19},"end":{"line":21,"column":35}},{"start":{"line":21,"column":39},"end":{"line":21,"column":43}}],"line":21}},"s":{"0":1,"1":1,"2":1,"3":1,"4":1,"5":1,"6":1,"7":1,"8":1,"9":1,"10":1,"11":0,"12":0,"13":0,"14":0,"15":0,"16":1},"f":{"0":0,"1":0,"2":0},"b":{"0":[0,1],"1":[0,0]},"_coverageSchema":"1a1c01bbd47fc00a2c39e90264f33305004495a9","hash":"6b9c321ad716f5e369469f4073fc844c07653128"}
,"C:\\Users\\KIIT\\Desktop\\aishwarya api assignment2\\models\\Book.js": {"path":"C:\\Users\\KIIT\\Desktop\\aishwarya api assignment2\\models\\Book.js","statementMap":{"0":{"start":{"line":1,"column":17},"end":{"line":1,"column":36}},"1":{"start":{"line":3,"column":19},"end":{"line":12,"column":2}},"2":{"start":{"line":14,"column":0},"end":{"line":14,"column":52}}},"fnMap":{},"branchMap":{},"s":{"0":3,"1":3,"2":3},"f":{},"b":{},"_coverageSchema":"1a1c01bbd47fc00a2c39e90264f33305004495a9","hash":"d4a257f3fe20082a722235fd2c31339f08d16acb"}
,"C:\\Users\\KIIT\\Desktop\\aishwarya api assignment2\\routes\\books.js": {"path":"C:\\Users\\KIIT\\Desktop\\aishwarya api assignment2\\routes\\books.js","statementMap":{"0":{"start":{"line":1,"column":16},"end":{"line":1,"column":34}},"1":{"start":{"line":2,"column":15},"end":{"line":2,"column":31}},"2":{"start":{"line":3,"column":13},"end":{"line":3,"column":38}},"3":{"start":{"line":6,"column":0},"end":{"line":14,"column":3}},"4":{"start":{"line":7,"column":2},"end":{"line":13,"column":3}},"5":{"start":{"line":8,"column":17},"end":{"line":8,"column":35}},"6":{"start":{"line":9,"column":18},"end":{"line":9,"column":35}},"7":{"start":{"line":10,"column":4},"end":{"line":10,"column":32}},"8":{"start":{"line":12,"column":4},"end":{"line":12,"column":51}},"9":{"start":{"line":17,"column":0},"end":{"line":24,"column":3}},"10":{"start":{"line":18,"column":2},"end":{"line":23,"column":3}},"11":{"start":{"line":19,"column":18},"end":{"line":19,"column":35}},"12":{"start":{"line":20,"column":4},"end":{"line":20,"column":20}},"13":{"start":{"line":22,"column":4},"end":{"line":22,"column":51}},"14":{"start":{"line":27,"column":0},"end":{"line":34,"column":3}},"15":{"start":{"line":28,"column":2},"end":{"line":33,"column":3}},"16":{"start":{"line":29,"column":20},"end":{"line":29,"column":88}},"17":{"start":{"line":30,"column":4},"end":{"line":30,"column":22}},"18":{"start":{"line":32,"column":4},"end":{"line":32,"column":51}},"19":{"start":{"line":37,"column":0},"end":{"line":44,"column":3}},"20":{"start":{"line":38,"column":2},"end":{"line":43,"column":3}},"21":{"start":{"line":39,"column":4},"end":{"line":39,"column":48}},"22":{"start":{"line":40,"column":4},"end":{"line":40,"column":42}},"23":{"start":{"line":42,"column":4},"end":{"line":42,"column":51}},"24":{"start":{"line":46,"column":0},"end":{"line":46,"column":24}}},"fnMap":{"0":{"name":"(anonymous_0)","decl":{"start":{"line":6,"column":17},"end":{"line":6,"column":18}},"loc":{"start":{"line":6,"column":37},"end":{"line":14,"column":1}},"line":6},"1":{"name":"(anonymous_1)","decl":{"start":{"line":17,"column":16},"end":{"line":17,"column":17}},"loc":{"start":{"line":17,"column":36},"end":{"line":24,"column":1}},"line":17},"2":{"name":"(anonymous_2)","decl":{"start":{"line":27,"column":19},"end":{"line":27,"column":20}},"loc":{"start":{"line":27,"column":39},"end":{"line":34,"column":1}},"line":27},"3":{"name":"(anonymous_3)","decl":{"start":{"line":37,"column":22},"end":{"line":37,"column":23}},"loc":{"start":{"line":37,"column":42},"end":{"line":44,"column":1}},"line":37}},"branchMap":{},"s":{"0":1,"1":1,"2":1,"3":1,"4":1,"5":1,"6":1,"7":1,"8":0,"9":1,"10":1,"11":1,"12":1,"13":0,"14":1,"15":1,"16":1,"17":1,"18":0,"19":1,"20":1,"21":1,"22":1,"23":0,"24":1},"f":{"0":1,"1":1,"2":1,"3":1},"b":{},"_coverageSchema":"1a1c01bbd47fc00a2c39e90264f33305004495a9","hash":"7969d3e2a258551f73f70386d656068b70755f8b"}
}
